G75*
G70*
%OFA0B0*%
%FSLAX24Y24*%
%IPPOS*%
%LPD*%
%AMOC8*
5,1,8,0,0,1.08239X$1,22.5*
%
%ADD10C,0.0000*%
D10*
X001647Y000547D02*
X001647Y009721D01*
X002434Y009721D01*
X002434Y009996D01*
X001843Y010587D01*
X001647Y010587D01*
X001647Y010784D01*
X003221Y012358D01*
X003418Y012358D01*
X003418Y012162D01*
X004009Y011571D01*
X004284Y011571D01*
X004284Y012358D01*
X013458Y012358D01*
X013458Y009130D01*
X014245Y008343D01*
X014245Y004563D01*
X013458Y003776D01*
X013458Y003185D01*
X012670Y003185D01*
X012670Y002910D01*
X013261Y002319D01*
X013458Y002319D01*
X013458Y002122D01*
X011883Y000547D01*
X011686Y000547D01*
X011686Y000744D01*
X011095Y001335D01*
X010820Y001335D01*
X010820Y000547D01*
X001647Y000547D01*
X005210Y011728D02*
X005212Y011754D01*
X005218Y011780D01*
X005228Y011805D01*
X005241Y011828D01*
X005257Y011848D01*
X005277Y011866D01*
X005299Y011881D01*
X005322Y011893D01*
X005348Y011901D01*
X005374Y011905D01*
X005400Y011905D01*
X005426Y011901D01*
X005452Y011893D01*
X005476Y011881D01*
X005497Y011866D01*
X005517Y011848D01*
X005533Y011828D01*
X005546Y011805D01*
X005556Y011780D01*
X005562Y011754D01*
X005564Y011728D01*
X005562Y011702D01*
X005556Y011676D01*
X005546Y011651D01*
X005533Y011628D01*
X005517Y011608D01*
X005497Y011590D01*
X005475Y011575D01*
X005452Y011563D01*
X005426Y011555D01*
X005400Y011551D01*
X005374Y011551D01*
X005348Y011555D01*
X005322Y011563D01*
X005298Y011575D01*
X005277Y011590D01*
X005257Y011608D01*
X005241Y011628D01*
X005228Y011651D01*
X005218Y011676D01*
X005212Y011702D01*
X005210Y011728D01*
X006391Y011728D02*
X006393Y011754D01*
X006399Y011780D01*
X006409Y011805D01*
X006422Y011828D01*
X006438Y011848D01*
X006458Y011866D01*
X006480Y011881D01*
X006503Y011893D01*
X006529Y011901D01*
X006555Y011905D01*
X006581Y011905D01*
X006607Y011901D01*
X006633Y011893D01*
X006657Y011881D01*
X006678Y011866D01*
X006698Y011848D01*
X006714Y011828D01*
X006727Y011805D01*
X006737Y011780D01*
X006743Y011754D01*
X006745Y011728D01*
X006743Y011702D01*
X006737Y011676D01*
X006727Y011651D01*
X006714Y011628D01*
X006698Y011608D01*
X006678Y011590D01*
X006656Y011575D01*
X006633Y011563D01*
X006607Y011555D01*
X006581Y011551D01*
X006555Y011551D01*
X006529Y011555D01*
X006503Y011563D01*
X006479Y011575D01*
X006458Y011590D01*
X006438Y011608D01*
X006422Y011628D01*
X006409Y011651D01*
X006399Y011676D01*
X006393Y011702D01*
X006391Y011728D01*
X007592Y011886D02*
X007594Y011911D01*
X007600Y011935D01*
X007609Y011957D01*
X007622Y011978D01*
X007638Y011997D01*
X007657Y012013D01*
X007678Y012026D01*
X007700Y012035D01*
X007724Y012041D01*
X007749Y012043D01*
X007774Y012041D01*
X007798Y012035D01*
X007820Y012026D01*
X007841Y012013D01*
X007860Y011997D01*
X007876Y011978D01*
X007889Y011957D01*
X007898Y011935D01*
X007904Y011911D01*
X007906Y011886D01*
X007904Y011861D01*
X007898Y011837D01*
X007889Y011815D01*
X007876Y011794D01*
X007860Y011775D01*
X007841Y011759D01*
X007820Y011746D01*
X007798Y011737D01*
X007774Y011731D01*
X007749Y011729D01*
X007724Y011731D01*
X007700Y011737D01*
X007678Y011746D01*
X007657Y011759D01*
X007638Y011775D01*
X007622Y011794D01*
X007609Y011815D01*
X007600Y011837D01*
X007594Y011861D01*
X007592Y011886D01*
M02*
